<?xml version="1.0" encoding="UTF-8"?>
<!-- Generated by org.testng.reporters.JUnitXMLReporter -->
<testsuite ignored="0" hostname="shannus-MacBook-Pro.local" failures="0" tests="2" name="Default test" time="24.228" errors="0" timestamp="08 Mar 2024 05:49:17 GMT">
  <testcase classname="com.crm.qa.testcases.AddCustomerPageTest" name="AddCustomerNotExist" time="2.039"/>
  <testcase classname="com.crm.qa.testcases.AddCustomerPageTest" name="AddCustomerExist" time="3.504"/>
</testsuite> <!-- Default test -->
