<?xml version="1.0" encoding="UTF-8"?>
<!-- Generated by org.testng.reporters.JUnitXMLReporter -->
<testsuite ignored="0" hostname="shannus-MacBook-Pro.local" failures="0" tests="12" name="Test" time="159.05" errors="0" timestamp="08 Mar 2024 10:02:03 GMT">
  <testcase classname="com.crm.qa.testcases.BankManagerNavigationPageTest" name="testBankManagerLogin" time="3.661"/>
  <testcase classname="com.crm.qa.testcases.CustomerLoginTest" name="customerlogin" time="2.255"/>
  <testcase classname="com.crm.qa.testcases.AddCustomerPageTest" name="AddCustomerNotExist" time="1.725"/>
  <testcase classname="com.crm.qa.testcases.CustomerTransactionPageTest" name="Verify_Deposit_With_ValideAmmount" time="2.444"/>
  <testcase classname="com.crm.qa.testcases.OpenAccountPageTest" name="OpenAccount" time="12.35"/>
  <testcase classname="com.crm.qa.testcases.DepositTest" name="VerifyDepositWithValidAmount" time="3.658"/>
  <testcase classname="com.crm.qa.testcases.CustomersPageTest" name="DeleteCustomerEntry" time="1.314"/>
  <testcase classname="com.crm.qa.testcases.WithdrawalTest" name="Verify_Withdraw_With_ValideAmmount" time="13.096"/>
  <testcase classname="com.crm.qa.testcases.DepositTest" name="VerifyDepositWithInvalidAmount" time="3.236"/>
  <testcase classname="com.crm.qa.testcases.AddCustomerPageTest" name="AddCustomerExist" time="3.781"/>
  <testcase classname="com.crm.qa.testcases.WithdrawalTest" name="Verify_Withdraw_With_InValideAmmount" time="11.432"/>
  <testcase classname="com.crm.qa.testcases.WithdrawalTest" name="Verify_Withdraw_With_InSufficient" time="13.817"/>
</testsuite> <!-- Test -->
