<?xml version="1.0" encoding="UTF-8"?>
<!-- Generated by org.testng.reporters.JUnitXMLReporter -->
<testsuite ignored="0" hostname="shannus-MacBook-Pro.local" failures="0" tests="12" name="Test" time="148.122" errors="0" timestamp="08 Mar 2024 12:06:49 GMT">
  <testcase classname="com.crm.qa.testcases.BankManagerNavigationPageTest" name="testBankManagerLogin" time="3.697"/>
  <testcase classname="com.crm.qa.testcases.CustomerLoginTest" name="customerlogin" time="2.416"/>
  <testcase classname="com.crm.qa.testcases.AddCustomerPageTest" name="AddCustomerNotExist" time="1.888"/>
  <testcase classname="com.crm.qa.testcases.CustomerTransactionPageTest" name="Verify_Deposit_With_ValidAmount" time="1.854"/>
  <testcase classname="com.crm.qa.testcases.OpenAccountPageTest" name="OpenAccount" time="11.645"/>
  <testcase classname="com.crm.qa.testcases.DepositTest" name="VerifyDepositWithValidAmount" time="2.783"/>
  <testcase classname="com.crm.qa.testcases.CustomersPageTest" name="DeleteCustomerEntry" time="1.241"/>
  <testcase classname="com.crm.qa.testcases.WithdrawalTest" name="VerifyWithdrawWithValidAmount" time="12.789"/>
  <testcase classname="com.crm.qa.testcases.DepositTest" name="VerifyDepositWithInvalidAmount" time="2.555"/>
  <testcase classname="com.crm.qa.testcases.AddCustomerPageTest" name="AddCustomerExist" time="3.553"/>
  <testcase classname="com.crm.qa.testcases.WithdrawalTest" name="VerifyWithdrawWithInvalidAmount" time="11.031"/>
  <testcase classname="com.crm.qa.testcases.WithdrawalTest" name="VerifyWithdrawWithInsufficientBalance" time="12.613"/>
</testsuite> <!-- Test -->
