<?xml version="1.0" encoding="UTF-8"?>
<testng-results ignored="0" total="12" passed="12" failed="0" skipped="0">
  <reporter-output>
  </reporter-output>
  <suite started-at="2024-03-08T12:04:16Z" name="Suite" finished-at="2024-03-08T12:06:44Z" duration-ms="148122">
    <groups>
    </groups>
    <test started-at="2024-03-08T12:04:16Z" name="Test" finished-at="2024-03-08T12:06:44Z" duration-ms="148122">
      <class name="com.crm.qa.testcases.CustomerLoginTest">
        <test-method is-config="true" signature="setUp()[pri:0, instance:com.crm.qa.testcases.CustomerLoginTest@79c97cb]" started-at="2024-03-08T17:34:28Z" name="setUp" finished-at="2024-03-08T17:34:31Z" duration-ms="3808" status="PASS">
          <reporter-output>
          </reporter-output>
        </test-method> <!-- setUp -->
        <test-method signature="customerlogin()[pri:1, instance:com.crm.qa.testcases.CustomerLoginTest@79c97cb]" started-at="2024-03-08T17:34:31Z" name="customerlogin" finished-at="2024-03-08T17:34:34Z" duration-ms="2416" status="PASS">
          <reporter-output>
          </reporter-output>
        </test-method> <!-- customerlogin -->
        <test-method is-config="true" signature="tearDown()[pri:0, instance:com.crm.qa.testcases.CustomerLoginTest@79c97cb]" started-at="2024-03-08T17:34:34Z" name="tearDown" finished-at="2024-03-08T17:34:34Z" duration-ms="223" status="PASS">
          <reporter-output>
          </reporter-output>
        </test-method> <!-- tearDown -->
        <test-method is-config="true" signature="teardownBrowser()[pri:0, instance:com.crm.qa.testcases.CustomerLoginTest@79c97cb]" started-at="2024-03-08T17:34:34Z" name="teardownBrowser" finished-at="2024-03-08T17:34:34Z" duration-ms="0" status="PASS">
          <reporter-output>
          </reporter-output>
        </test-method> <!-- teardownBrowser -->
      </class> <!-- com.crm.qa.testcases.CustomerLoginTest -->
      <class name="com.crm.qa.testcases.CustomerTransactionPageTest">
        <test-method is-config="true" signature="setUp()[pri:0, instance:com.crm.qa.testcases.CustomerTransactionPageTest@2d9caaeb]" started-at="2024-03-08T17:34:41Z" name="setUp" finished-at="2024-03-08T17:34:48Z" duration-ms="6689" status="PASS">
          <reporter-output>
          </reporter-output>
        </test-method> <!-- setUp -->
        <test-method signature="Verify_Deposit_With_ValidAmount()[pri:1, instance:com.crm.qa.testcases.CustomerTransactionPageTest@2d9caaeb]" started-at="2024-03-08T17:34:48Z" name="Verify_Deposit_With_ValidAmount" finished-at="2024-03-08T17:34:50Z" duration-ms="1854" status="PASS">
          <reporter-output>
          </reporter-output>
        </test-method> <!-- Verify_Deposit_With_ValidAmount -->
        <test-method is-config="true" signature="tearDown()[pri:0, instance:com.crm.qa.testcases.CustomerTransactionPageTest@2d9caaeb]" started-at="2024-03-08T17:34:50Z" name="tearDown" finished-at="2024-03-08T17:34:50Z" duration-ms="236" status="PASS">
          <reporter-output>
          </reporter-output>
        </test-method> <!-- tearDown -->
        <test-method is-config="true" signature="teardownBrowser()[pri:0, instance:com.crm.qa.testcases.CustomerTransactionPageTest@2d9caaeb]" started-at="2024-03-08T17:34:50Z" name="teardownBrowser" finished-at="2024-03-08T17:34:50Z" duration-ms="0" status="PASS">
          <reporter-output>
          </reporter-output>
        </test-method> <!-- teardownBrowser -->
      </class> <!-- com.crm.qa.testcases.CustomerTransactionPageTest -->
      <class name="com.crm.qa.testcases.CustomersPageTest">
        <test-method is-config="true" signature="setUp()[pri:0, instance:com.crm.qa.testcases.CustomersPageTest@4f704591]" started-at="2024-03-08T17:35:18Z" name="setUp" finished-at="2024-03-08T17:35:24Z" duration-ms="5784" status="PASS">
          <reporter-output>
          </reporter-output>
        </test-method> <!-- setUp -->
        <test-method signature="DeleteCustomerEntry()[pri:1, instance:com.crm.qa.testcases.CustomersPageTest@4f704591]" started-at="2024-03-08T17:35:24Z" name="DeleteCustomerEntry" finished-at="2024-03-08T17:35:25Z" duration-ms="1241" status="PASS">
          <reporter-output>
          </reporter-output>
        </test-method> <!-- DeleteCustomerEntry -->
        <test-method is-config="true" signature="tearDown()[pri:0, instance:com.crm.qa.testcases.CustomersPageTest@4f704591]" started-at="2024-03-08T17:35:25Z" name="tearDown" finished-at="2024-03-08T17:35:25Z" duration-ms="336" status="PASS">
          <reporter-output>
          </reporter-output>
        </test-method> <!-- tearDown -->
        <test-method is-config="true" signature="teardownBrowser()[pri:0, instance:com.crm.qa.testcases.CustomersPageTest@4f704591]" started-at="2024-03-08T17:35:25Z" name="teardownBrowser" finished-at="2024-03-08T17:35:25Z" duration-ms="1" status="PASS">
          <reporter-output>
          </reporter-output>
        </test-method> <!-- teardownBrowser -->
      </class> <!-- com.crm.qa.testcases.CustomersPageTest -->
      <class name="com.crm.qa.testcases.AddCustomerPageTest">
        <test-method is-config="true" signature="setUp()[pri:0, instance:com.crm.qa.testcases.AddCustomerPageTest@6f6745d6]" started-at="2024-03-08T17:34:34Z" name="setUp" finished-at="2024-03-08T17:34:39Z" duration-ms="4887" status="PASS">
          <reporter-output>
          </reporter-output>
        </test-method> <!-- setUp -->
        <test-method signature="AddCustomerNotExist()[pri:1, instance:com.crm.qa.testcases.AddCustomerPageTest@6f6745d6]" started-at="2024-03-08T17:34:39Z" name="AddCustomerNotExist" finished-at="2024-03-08T17:34:41Z" duration-ms="1888" status="PASS">
          <reporter-output>
          </reporter-output>
        </test-method> <!-- AddCustomerNotExist -->
        <test-method is-config="true" signature="tearDown()[pri:0, instance:com.crm.qa.testcases.AddCustomerPageTest@6f6745d6]" started-at="2024-03-08T17:34:41Z" name="tearDown" finished-at="2024-03-08T17:34:41Z" duration-ms="229" status="PASS">
          <reporter-output>
          </reporter-output>
        </test-method> <!-- tearDown -->
        <test-method is-config="true" signature="teardownBrowser()[pri:0, instance:com.crm.qa.testcases.AddCustomerPageTest@6f6745d6]" started-at="2024-03-08T17:34:41Z" name="teardownBrowser" finished-at="2024-03-08T17:34:41Z" duration-ms="0" status="PASS">
          <reporter-output>
          </reporter-output>
        </test-method> <!-- teardownBrowser -->
        <test-method is-config="true" signature="setUp()[pri:0, instance:com.crm.qa.testcases.AddCustomerPageTest@6f6745d6]" started-at="2024-03-08T17:35:54Z" name="setUp" finished-at="2024-03-08T17:36:00Z" duration-ms="5539" status="PASS">
          <reporter-output>
          </reporter-output>
        </test-method> <!-- setUp -->
        <test-method signature="AddCustomerExist()[pri:2, instance:com.crm.qa.testcases.AddCustomerPageTest@6f6745d6]" started-at="2024-03-08T17:36:00Z" name="AddCustomerExist" finished-at="2024-03-08T17:36:03Z" depends-on-methods="com.crm.qa.testcases.AddCustomerPageTest.AddCustomerNotExist" duration-ms="3553" status="PASS">
          <reporter-output>
          </reporter-output>
        </test-method> <!-- AddCustomerExist -->
        <test-method is-config="true" signature="tearDown()[pri:0, instance:com.crm.qa.testcases.AddCustomerPageTest@6f6745d6]" started-at="2024-03-08T17:36:03Z" name="tearDown" finished-at="2024-03-08T17:36:03Z" duration-ms="243" status="PASS">
          <reporter-output>
          </reporter-output>
        </test-method> <!-- tearDown -->
        <test-method is-config="true" signature="teardownBrowser()[pri:0, instance:com.crm.qa.testcases.AddCustomerPageTest@6f6745d6]" started-at="2024-03-08T17:36:03Z" name="teardownBrowser" finished-at="2024-03-08T17:36:03Z" duration-ms="0" status="PASS">
          <reporter-output>
          </reporter-output>
        </test-method> <!-- teardownBrowser -->
      </class> <!-- com.crm.qa.testcases.AddCustomerPageTest -->
      <class name="com.crm.qa.testcases.DepositTest">
        <test-method is-config="true" signature="setUp()[pri:0, instance:com.crm.qa.testcases.DepositTest@42a15bdc]" started-at="2024-03-08T17:35:08Z" name="setUp" finished-at="2024-03-08T17:35:15Z" duration-ms="6463" status="PASS">
          <reporter-output>
          </reporter-output>
        </test-method> <!-- setUp -->
        <test-method signature="VerifyDepositWithValidAmount()[pri:1, instance:com.crm.qa.testcases.DepositTest@42a15bdc]" started-at="2024-03-08T17:35:15Z" name="VerifyDepositWithValidAmount" finished-at="2024-03-08T17:35:17Z" duration-ms="2783" status="PASS">
          <reporter-output>
          </reporter-output>
        </test-method> <!-- VerifyDepositWithValidAmount -->
        <test-method is-config="true" signature="tearDown()[pri:0, instance:com.crm.qa.testcases.DepositTest@42a15bdc]" started-at="2024-03-08T17:35:17Z" name="tearDown" finished-at="2024-03-08T17:35:18Z" duration-ms="468" status="PASS">
          <reporter-output>
          </reporter-output>
        </test-method> <!-- tearDown -->
        <test-method is-config="true" signature="teardownBrowser()[pri:0, instance:com.crm.qa.testcases.DepositTest@42a15bdc]" started-at="2024-03-08T17:35:18Z" name="teardownBrowser" finished-at="2024-03-08T17:35:18Z" duration-ms="0" status="PASS">
          <reporter-output>
          </reporter-output>
        </test-method> <!-- teardownBrowser -->
        <test-method is-config="true" signature="setUp()[pri:0, instance:com.crm.qa.testcases.DepositTest@42a15bdc]" started-at="2024-03-08T17:35:44Z" name="setUp" finished-at="2024-03-08T17:35:51Z" duration-ms="7346" status="PASS">
          <reporter-output>
          </reporter-output>
        </test-method> <!-- setUp -->
        <test-method signature="VerifyDepositWithInvalidAmount()[pri:2, instance:com.crm.qa.testcases.DepositTest@42a15bdc]" started-at="2024-03-08T17:35:51Z" name="VerifyDepositWithInvalidAmount" finished-at="2024-03-08T17:35:54Z" duration-ms="2555" status="PASS">
          <reporter-output>
          </reporter-output>
        </test-method> <!-- VerifyDepositWithInvalidAmount -->
        <test-method is-config="true" signature="tearDown()[pri:0, instance:com.crm.qa.testcases.DepositTest@42a15bdc]" started-at="2024-03-08T17:35:54Z" name="tearDown" finished-at="2024-03-08T17:35:54Z" duration-ms="239" status="PASS">
          <reporter-output>
          </reporter-output>
        </test-method> <!-- tearDown -->
        <test-method is-config="true" signature="teardownBrowser()[pri:0, instance:com.crm.qa.testcases.DepositTest@42a15bdc]" started-at="2024-03-08T17:35:54Z" name="teardownBrowser" finished-at="2024-03-08T17:35:54Z" duration-ms="0" status="PASS">
          <reporter-output>
          </reporter-output>
        </test-method> <!-- teardownBrowser -->
      </class> <!-- com.crm.qa.testcases.DepositTest -->
      <class name="com.crm.qa.testcases.WithdrawalTest">
        <test-method is-config="true" signature="setUp()[pri:0, instance:com.crm.qa.testcases.WithdrawalTest@44a59da3]" started-at="2024-03-08T17:35:25Z" name="setUp" finished-at="2024-03-08T17:35:31Z" duration-ms="5683" status="PASS">
          <reporter-output>
          </reporter-output>
        </test-method> <!-- setUp -->
        <test-method signature="VerifyWithdrawWithValidAmount()[pri:1, instance:com.crm.qa.testcases.WithdrawalTest@44a59da3]" started-at="2024-03-08T17:35:31Z" name="VerifyWithdrawWithValidAmount" finished-at="2024-03-08T17:35:44Z" duration-ms="12789" status="PASS">
          <reporter-output>
          </reporter-output>
        </test-method> <!-- VerifyWithdrawWithValidAmount -->
        <test-method is-config="true" signature="tearDown()[pri:0, instance:com.crm.qa.testcases.WithdrawalTest@44a59da3]" started-at="2024-03-08T17:35:44Z" name="tearDown" finished-at="2024-03-08T17:35:44Z" duration-ms="287" status="PASS">
          <reporter-output>
          </reporter-output>
        </test-method> <!-- tearDown -->
        <test-method is-config="true" signature="teardownBrowser()[pri:0, instance:com.crm.qa.testcases.WithdrawalTest@44a59da3]" started-at="2024-03-08T17:35:44Z" name="teardownBrowser" finished-at="2024-03-08T17:35:44Z" duration-ms="0" status="PASS">
          <reporter-output>
          </reporter-output>
        </test-method> <!-- teardownBrowser -->
        <test-method is-config="true" signature="setUp()[pri:0, instance:com.crm.qa.testcases.WithdrawalTest@44a59da3]" started-at="2024-03-08T17:36:03Z" name="setUp" finished-at="2024-03-08T17:36:11Z" duration-ms="7787" status="PASS">
          <reporter-output>
          </reporter-output>
        </test-method> <!-- setUp -->
        <test-method signature="VerifyWithdrawWithInvalidAmount()[pri:2, instance:com.crm.qa.testcases.WithdrawalTest@44a59da3]" started-at="2024-03-08T17:36:11Z" name="VerifyWithdrawWithInvalidAmount" finished-at="2024-03-08T17:36:22Z" duration-ms="11031" status="PASS">
          <reporter-output>
          </reporter-output>
        </test-method> <!-- VerifyWithdrawWithInvalidAmount -->
        <test-method is-config="true" signature="tearDown()[pri:0, instance:com.crm.qa.testcases.WithdrawalTest@44a59da3]" started-at="2024-03-08T17:36:22Z" name="tearDown" finished-at="2024-03-08T17:36:23Z" duration-ms="260" status="PASS">
          <reporter-output>
          </reporter-output>
        </test-method> <!-- tearDown -->
        <test-method is-config="true" signature="teardownBrowser()[pri:0, instance:com.crm.qa.testcases.WithdrawalTest@44a59da3]" started-at="2024-03-08T17:36:23Z" name="teardownBrowser" finished-at="2024-03-08T17:36:23Z" duration-ms="0" status="PASS">
          <reporter-output>
          </reporter-output>
        </test-method> <!-- teardownBrowser -->
        <test-method is-config="true" signature="setUp()[pri:0, instance:com.crm.qa.testcases.WithdrawalTest@44a59da3]" started-at="2024-03-08T17:36:23Z" name="setUp" finished-at="2024-03-08T17:36:31Z" duration-ms="8766" status="PASS">
          <reporter-output>
          </reporter-output>
        </test-method> <!-- setUp -->
        <test-method signature="VerifyWithdrawWithInsufficientBalance()[pri:3, instance:com.crm.qa.testcases.WithdrawalTest@44a59da3]" started-at="2024-03-08T17:36:31Z" name="VerifyWithdrawWithInsufficientBalance" finished-at="2024-03-08T17:36:44Z" duration-ms="12613" status="PASS">
          <reporter-output>
          </reporter-output>
        </test-method> <!-- VerifyWithdrawWithInsufficientBalance -->
        <test-method is-config="true" signature="tearDown()[pri:0, instance:com.crm.qa.testcases.WithdrawalTest@44a59da3]" started-at="2024-03-08T17:36:44Z" name="tearDown" finished-at="2024-03-08T17:36:44Z" duration-ms="225" status="PASS">
          <reporter-output>
          </reporter-output>
        </test-method> <!-- tearDown -->
        <test-method is-config="true" signature="teardownBrowser()[pri:0, instance:com.crm.qa.testcases.WithdrawalTest@44a59da3]" started-at="2024-03-08T17:36:44Z" name="teardownBrowser" finished-at="2024-03-08T17:36:44Z" duration-ms="0" status="PASS">
          <reporter-output>
          </reporter-output>
        </test-method> <!-- teardownBrowser -->
      </class> <!-- com.crm.qa.testcases.WithdrawalTest -->
      <class name="com.crm.qa.testcases.BankManagerNavigationPageTest">
        <test-method is-config="true" signature="setUp()[pri:0, instance:com.crm.qa.testcases.BankManagerNavigationPageTest@27e47833]" started-at="2024-03-08T17:34:16Z" name="setUp" finished-at="2024-03-08T17:34:24Z" duration-ms="7698" status="PASS">
          <reporter-output>
          </reporter-output>
        </test-method> <!-- setUp -->
        <test-method signature="testBankManagerLogin()[pri:0, instance:com.crm.qa.testcases.BankManagerNavigationPageTest@27e47833]" started-at="2024-03-08T17:34:24Z" name="testBankManagerLogin" finished-at="2024-03-08T17:34:27Z" duration-ms="3697" status="PASS">
          <reporter-output>
          </reporter-output>
        </test-method> <!-- testBankManagerLogin -->
        <test-method is-config="true" signature="tearDown()[pri:0, instance:com.crm.qa.testcases.BankManagerNavigationPageTest@27e47833]" started-at="2024-03-08T17:34:27Z" name="tearDown" finished-at="2024-03-08T17:34:28Z" duration-ms="237" status="PASS">
          <reporter-output>
          </reporter-output>
        </test-method> <!-- tearDown -->
        <test-method is-config="true" signature="teardownBrowser()[pri:0, instance:com.crm.qa.testcases.BankManagerNavigationPageTest@27e47833]" started-at="2024-03-08T17:34:28Z" name="teardownBrowser" finished-at="2024-03-08T17:34:28Z" duration-ms="1" status="PASS">
          <reporter-output>
          </reporter-output>
        </test-method> <!-- teardownBrowser -->
      </class> <!-- com.crm.qa.testcases.BankManagerNavigationPageTest -->
      <class name="com.crm.qa.testcases.OpenAccountPageTest">
        <test-method is-config="true" signature="setUp()[pri:0, instance:com.crm.qa.testcases.OpenAccountPageTest@27508c5d]" started-at="2024-03-08T17:34:50Z" name="setUp" finished-at="2024-03-08T17:34:56Z" duration-ms="6288" status="PASS">
          <reporter-output>
          </reporter-output>
        </test-method> <!-- setUp -->
        <test-method signature="OpenAccount()[pri:1, instance:com.crm.qa.testcases.OpenAccountPageTest@27508c5d]" started-at="2024-03-08T17:34:56Z" name="OpenAccount" finished-at="2024-03-08T17:35:08Z" duration-ms="11645" status="PASS">
          <reporter-output>
          </reporter-output>
        </test-method> <!-- OpenAccount -->
        <test-method is-config="true" signature="tearDown()[pri:0, instance:com.crm.qa.testcases.OpenAccountPageTest@27508c5d]" started-at="2024-03-08T17:35:08Z" name="tearDown" finished-at="2024-03-08T17:35:08Z" duration-ms="264" status="PASS">
          <reporter-output>
          </reporter-output>
        </test-method> <!-- tearDown -->
        <test-method is-config="true" signature="teardownBrowser()[pri:0, instance:com.crm.qa.testcases.OpenAccountPageTest@27508c5d]" started-at="2024-03-08T17:35:08Z" name="teardownBrowser" finished-at="2024-03-08T17:35:08Z" duration-ms="0" status="PASS">
          <reporter-output>
          </reporter-output>
        </test-method> <!-- teardownBrowser -->
      </class> <!-- com.crm.qa.testcases.OpenAccountPageTest -->
    </test> <!-- Test -->
  </suite> <!-- Suite -->
</testng-results>
