<?xml version="1.0" encoding="UTF-8"?>
<testsuite xmlns:xsi="http://www.w3.org/2001/XMLSchema-instance" xsi:noNamespaceSchemaLocation="https://maven.apache.org/surefire/maven-surefire-plugin/xsd/surefire-test-report.xsd" name="TestSuite" time="155.96" tests="12" errors="0" skipped="0" failures="0">
  <properties>
[...]
</properties>
  <testcase name="testBankManagerLogin" classname="com.crm.qa.testcases.BankManagerNavigationPageTest" time="3.696"/>
  <testcase name="customerlogin" classname="com.crm.qa.testcases.CustomerLoginTest" time="2.416"/>
  <testcase name="AddCustomerNotExist" classname="com.crm.qa.testcases.AddCustomerPageTest" time="1.893"/>
  <testcase name="Verify_Deposit_With_ValidAmount" classname="com.crm.qa.testcases.CustomerTransactionPageTest" time="1.854"/>
  <testcase name="OpenAccount" classname="com.crm.qa.testcases.OpenAccountPageTest" time="11.641"/>
  <testcase name="VerifyDepositWithValidAmount" classname="com.crm.qa.testcases.DepositTest" time="2.783"/>
  <testcase name="DeleteCustomerEntry" classname="com.crm.qa.testcases.CustomersPageTest" time="1.242"/>
  <testcase name="VerifyWithdrawWithValidAmount" classname="com.crm.qa.testcases.WithdrawalTest" time="12.787"/>
  <testcase name="VerifyDepositWithInvalidAmount" classname="com.crm.qa.testcases.DepositTest" time="2.55"/>
  <testcase name="AddCustomerExist" classname="com.crm.qa.testcases.AddCustomerPageTest" time="3.553"/>
  <testcase name="VerifyWithdrawWithInvalidAmount" classname="com.crm.qa.testcases.WithdrawalTest" time="11.03"/>
  <testcase name="VerifyWithdrawWithInsufficientBalance" classname="com.crm.qa.testcases.WithdrawalTest" time="12.613"/>
</testsuite>